Flutter crash report.
Please report a bug at https://github.com/flutter/flutter/issues.

## command

flutter build har --debug

## exception

ProcessException: ProcessException: The command failed with exit code 255
  Command: hvigorw --mode module -p module=flutter_module@default -p product=default -p buildMode=debug assembleHar --no-daemon -p FLUTTER_TARGET=lib/main.dart -p TARGET_PLATFORM=ohos-arm64 -p DART_OBFUSCATION=false -p TRACK_WIDGET_CREATION=true -p TREE_SHAKE_ICONS=false -p PACKAGE_CONFIG=/Users/huhuiping/Downloads/flutter-mix-demo/my_flutter_module/.dart_tool/package_config.json

```
#0      RunResult.throwException (package:flutter_tools/src/base/process.dart:125:5)
#1      _DefaultProcessUtils.runSync (package:flutter_tools/src/base/process.dart:456:17)
#2      hvigorwTask (package:flutter_tools/src/ohos/hvigor.dart:133:41)
#3      assembleHar (package:flutter_tools/src/ohos/hvigor.dart:214:10)
#4      OhosHvigorBuilder.assembleHars (package:flutter_tools/src/ohos/hvigor.dart:609:33)
#5      OhosHvigorBuilder.buildHar (package:flutter_tools/src/ohos/hvigor.dart:478:11)
#6      BuildHarCommand.runCommand (package:flutter_tools/src/commands/build_har.dart:69:24)
<asynchronous suspension>
#7      FlutterCommand.run.<anonymous closure> (package:flutter_tools/src/runner/flutter_command.dart:1394:27)
<asynchronous suspension>
#8      AppContext.run.<anonymous closure> (package:flutter_tools/src/base/context.dart:153:19)
<asynchronous suspension>
#9      CommandRunner.runCommand (package:args/command_runner.dart:212:13)
<asynchronous suspension>
#10     FlutterCommandRunner.runCommand.<anonymous closure> (package:flutter_tools/src/runner/flutter_command_runner.dart:372:9)
<asynchronous suspension>
#11     AppContext.run.<anonymous closure> (package:flutter_tools/src/base/context.dart:153:19)
<asynchronous suspension>
#12     FlutterCommandRunner.runCommand (package:flutter_tools/src/runner/flutter_command_runner.dart:308:5)
<asynchronous suspension>
#13     run.<anonymous closure>.<anonymous closure> (package:flutter_tools/runner.dart:130:9)
<asynchronous suspension>
#14     AppContext.run.<anonymous closure> (package:flutter_tools/src/base/context.dart:153:19)
<asynchronous suspension>
#15     main (package:flutter_tools/executable.dart:93:3)
<asynchronous suspension>
```

## flutter doctor

```
[!] Flutter (Channel [user-branch], 3.22.1-ohos-1.0.4, on macOS 15.7.4 24G517 darwin-arm64, locale zh-Hans-CN)
    ! Flutter version 3.22.1-ohos-1.0.4 on channel [user-branch] at /Users/huhuiping/flutter_ohos
      Currently on an unknown channel. Run `flutter channel` to switch to an official channel.
      If that doesn't fix the issue, reinstall Flutter by following instructions at https://flutter.dev/docs/get-started/install.
    ! Upstream repository https://gitcode.com/openharmony-tpc/flutter_flutter.git is not a standard remote.
      Set environment variable "FLUTTER_GIT_URL" to https://gitcode.com/openharmony-tpc/flutter_flutter.git to dismiss this error.
    • Framework revision 9e65014228 (5 months ago), 2026-01-04 15:09:42 +0800
    • Engine revision f6344b75dc
    • Dart version 3.4.0
    • DevTools version 2.34.1
    • If those were intentional, you can disregard the above warnings; however it is recommended to use "git" directly to perform update checks and upgrades.

[✓] HarmonyOS toolchain - develop for HarmonyOS devices
    • OpenHarmony Sdk at /Applications/DevEco-Studio.app/Contents/sdk, available api versions has [20:default]
    • Ohpm version 5.3.2
    • Node version v20.18.1
    • Hvigorw binary at /Applications/DevEco-Studio.app/Contents/tools/hvigor/bin/hvigorw

[!] Android toolchain - develop for Android devices (Android SDK version 36.1.0)
    • Android SDK at /Users/huhuiping/Library/Android/sdk
    ✗ cmdline-tools component is missing
      Run `path/to/sdkmanager --install "cmdline-tools;latest"`
      See https://developer.android.com/studio/command-line for more details.
    ✗ Android license status unknown.
      Run `flutter doctor --android-licenses` to accept the SDK licenses.
      See https://flutter.dev/docs/get-started/install/macos#android-setup for more details.

[!] Xcode - develop for iOS and macOS (Xcode 16.2)
    • Xcode at /Applications/Xcode.app/Contents/Developer
    • Build 16C5032a
    ✗ CocoaPods not installed.
        CocoaPods is used to retrieve the iOS and macOS platform side's plugin code that responds to your plugin usage on the Dart side.
        Without CocoaPods, plugins will not work on iOS or macOS.
        For more info, see https://flutter.dev/platform-plugins
      To install see https://guides.cocoapods.org/using/getting-started.html#installation for instructions.

[✓] Chrome - develop for the web
    • Chrome at /Applications/Google Chrome.app/Contents/MacOS/Google Chrome

[✓] Android Studio (version 2025.2)
    • Android Studio at /Applications/Android Studio.app/Contents
    • Flutter plugin can be installed from:
      🔨 https://plugins.jetbrains.com/plugin/9212-flutter
    • Dart plugin can be installed from:
      🔨 https://plugins.jetbrains.com/plugin/6351-dart
    • Java version OpenJDK Runtime Environment (build 21.0.8+-14196175-b1038.72)

[✓] VS Code (version 1.119.0)
    • VS Code at /Applications/Visual Studio Code.app/Contents
    • Flutter extension version 3.134.0

[✓] Connected device (4 available)
    • MJE0224926019108 (mobile)       • MJE0224926019108      • ohos-arm64     • Ohos OpenHarmony-5.1.1.208 (API 19)
    • macOS (desktop)                 • macos                 • darwin-arm64   • macOS 15.7.4 24G517 darwin-arm64
    • Mac Designed for iPad (desktop) • mac-designed-for-ipad • darwin         • macOS 15.7.4 24G517 darwin-arm64
    • Chrome (web)                    • chrome                • web-javascript • Google Chrome 149.0.7827.55
    ! Error: Browsing on the local area network for iPad. Ensure the device is unlocked and attached with a cable or associated with the same local area network as this Mac.
      The device must be opted into Developer Mode to connect wirelessly. (code -27)

[✓] Network resources
    • All expected network resources are available.

! Doctor found issues in 3 categories.
```
